<?xml version="1.0" encoding="UTF-8"?>
<!-- Generated by org.testng.reporters.JUnitXMLReporter -->
<testsuite ignored="0" hostname="LAPTOP-JLSUG9BU" failures="0" tests="5" name="Test" time="10.039" errors="0" timestamp="2025-08-31T12:04:24 IST">
  <testcase classname="com.testcase.DemoKartTestSuite" name="tc001_addToCartWithoutLogin" time="0.107"/>
  <testcase classname="com.testcase.DemoKartTestSuite" name="tc002_loginWithValidCredentials" time="0.158"/>
  <testcase classname="com.testcase.DemoKartTestSuite" name="tc003_welcomeBackToastOnProductPage" time="1.057"/>
  <testcase classname="com.testcase.DemoKartTestSuite" name="tc004_addToCartAndValidateUrl" time="0.181"/>
  <testcase classname="com.testcase.DemoKartTestSuite" name="tc005_checkoutAndOrderConfirmation" time="3.988"/>
</testsuite> <!-- Test -->
