<?xml version="1.0" encoding="UTF-8"?>
<!-- Generated by org.testng.reporters.JUnitXMLReporter -->
<testsuite ignored="0" hostname="LAPTOP-JLSUG9BU" failures="0" tests="5" name="Test" time="9.11" errors="0" timestamp="2025-08-31T12:04:47 IST">
  <testcase classname="com.testcase.DemoKartTestSuite" name="tc001_addToCartWithoutLogin" time="0.122"/>
  <testcase classname="com.testcase.DemoKartTestSuite" name="tc002_loginWithValidCredentials" time="0.182"/>
  <testcase classname="com.testcase.DemoKartTestSuite" name="tc003_welcomeBackToastOnProductPage" time="1.07"/>
  <testcase classname="com.testcase.DemoKartTestSuite" name="tc004_addToCartAndValidateUrl" time="0.24"/>
  <testcase classname="com.testcase.DemoKartTestSuite" name="tc005_checkoutAndOrderConfirmation" time="4.069"/>
</testsuite> <!-- Test -->
