<?xml version="1.0" encoding="UTF-8"?>
<testsuite xmlns:xsi="http://www.w3.org/2001/XMLSchema-instance" xsi:noNamespaceSchemaLocation="https://maven.apache.org/surefire/maven-surefire-plugin/xsd/surefire-test-report.xsd" version="3.0.2" name="TestSuite" time="9.728" tests="5" errors="0" skipped="0" failures="0">
  <properties>
[...]
</properties>
  <testcase name="tc001_addToCartWithoutLogin" classname="com.testcase.DemoKartTestSuite" time="0.123">
    <system-err><![CDATA[SLF4J: Failed to load class "org.slf4j.impl.StaticLoggerBinder".
SLF4J: Defaulting to no-operation (NOP) logger implementation
SLF4J: See http://www.slf4j.org/codes.html#StaticLoggerBinder for further details.
Aug 31, 2025 12:04:40 PM org.openqa.selenium.devtools.CdpVersionFinder findNearestMatch
WARNING: Unable to find an exact match for CDP version 139, returning the closest version; found: 138; Please update to a Selenium version that supports CDP version 139
]]></system-err>
  </testcase>
  <testcase name="tc002_loginWithValidCredentials" classname="com.testcase.DemoKartTestSuite" time="0.182"/>
  <testcase name="tc003_welcomeBackToastOnProductPage" classname="com.testcase.DemoKartTestSuite" time="1.071"/>
  <testcase name="tc004_addToCartAndValidateUrl" classname="com.testcase.DemoKartTestSuite" time="0.24">
    <system-out><![CDATA[URL changed: true
]]></system-out>
  </testcase>
  <testcase name="tc005_checkoutAndOrderConfirmation" classname="com.testcase.DemoKartTestSuite" time="4.07"/>
</testsuite>