<?xml version="1.0" encoding="UTF-8"?>
<!-- Generated by org.testng.reporters.JUnitReportReporter -->
<testsuite hostname="LAPTOP-JLSUG9BU" failures="0" tests="5" name="com.testcase.DemoKartTestSuite" time="5.494" errors="0" timestamp="2025-08-31T12:04:24 IST" skipped="0">
  <testcase classname="com.testcase.DemoKartTestSuite" name="tc001_addToCartWithoutLogin" time="0.108"/>
  <testcase classname="com.testcase.DemoKartTestSuite" name="tc002_loginWithValidCredentials" time="0.159"/>
  <testcase classname="com.testcase.DemoKartTestSuite" name="tc003_welcomeBackToastOnProductPage" time="1.057"/>
  <testcase classname="com.testcase.DemoKartTestSuite" name="tc004_addToCartAndValidateUrl" time="0.181"/>
  <testcase classname="com.testcase.DemoKartTestSuite" name="tc005_checkoutAndOrderConfirmation" time="3.989"/>
</testsuite> <!-- com.testcase.DemoKartTestSuite -->
