<?xml version="1.0" encoding="UTF-8"?>
<!-- Generated by org.testng.reporters.JUnitReportReporter -->
<testsuite hostname="LAPTOP-JLSUG9BU" failures="0" tests="5" name="com.testcase.DemoKartTestSuite" time="5.796" errors="0" timestamp="2025-08-31T11:56:24 IST" skipped="0">
  <testcase classname="com.testcase.DemoKartTestSuite" name="tc001_addToCartWithoutLogin" time="0.151"/>
  <testcase classname="com.testcase.DemoKartTestSuite" name="tc002_loginWithValidCredentials" time="0.179"/>
  <testcase classname="com.testcase.DemoKartTestSuite" name="tc003_welcomeBackToastOnProductPage" time="1.065"/>
  <testcase classname="com.testcase.DemoKartTestSuite" name="tc004_addToCartAndValidateUrl" time="0.265"/>
  <testcase classname="com.testcase.DemoKartTestSuite" name="tc005_checkoutAndOrderConfirmation" time="4.136"/>
</testsuite> <!-- com.testcase.DemoKartTestSuite -->
