<?xml version="1.0" encoding="UTF-8"?>
<!-- Generated by org.testng.reporters.JUnitReportReporter -->
<testsuite hostname="LAPTOP-JLSUG9BU" failures="0" tests="5" name="com.testcase.DemoKartTestSuite" time="5.765" errors="0" timestamp="2025-08-31T10:52:12 IST" skipped="0">
  <testcase classname="com.testcase.DemoKartTestSuite" name="tc001_addToCartWithoutLogin" time="0.148"/>
  <testcase classname="com.testcase.DemoKartTestSuite" name="tc002_loginWithValidCredentials" time="0.257"/>
  <testcase classname="com.testcase.DemoKartTestSuite" name="tc003_welcomeBackToastOnProductPage" time="1.081"/>
  <testcase classname="com.testcase.DemoKartTestSuite" name="tc004_addToCartAndValidateUrl" time="0.233"/>
  <testcase classname="com.testcase.DemoKartTestSuite" name="tc005_checkoutAndOrderConfirmation" time="4.046"/>
</testsuite> <!-- com.testcase.DemoKartTestSuite -->
